  alu.c
  decode.c
  instruction_execution.c
C:\Users\MinSeo\OneDrive - 한국외국어대학교\바탕 화면\2022_1\Computer_Architecture\final project\ComputerArchitecture\instruction_execution.c(1,1): warning C4819: 현재 코드 페이지(949)에서 표시할 수 없는 문자가 파일에 들어 있습니다. 데이터가 손실되지 않게 하려면 해당 파일을 유니코드 형식으로 저장하십시오.
C:\Users\MinSeo\OneDrive - 한국외국어대학교\바탕 화면\2022_1\Computer_Architecture\final project\ComputerArchitecture\instruction_execution.c(27,59): warning C4047: '함수': 'int *'의 간접 참조 수준이 'int **'과(와) 다릅니다.
C:\Users\MinSeo\OneDrive - 한국외국어대학교\바탕 화면\2022_1\Computer_Architecture\final project\ComputerArchitecture\instruction_execution.c(27,57): warning C4024: 'ALU': 형식 및 실제 매개 변수 4의 형식이 서로 다릅니다.
C:\Users\MinSeo\OneDrive - 한국외국어대학교\바탕 화면\2022_1\Computer_Architecture\final project\ComputerArchitecture\instruction_execution.c(33,50): warning C4047: '함수': 'int *'의 간접 참조 수준이 'int **'과(와) 다릅니다.
C:\Users\MinSeo\OneDrive - 한국외국어대학교\바탕 화면\2022_1\Computer_Architecture\final project\ComputerArchitecture\instruction_execution.c(33,48): warning C4024: 'ALU': 형식 및 실제 매개 변수 4의 형식이 서로 다릅니다.
C:\Users\MinSeo\OneDrive - 한국외국어대학교\바탕 화면\2022_1\Computer_Architecture\final project\ComputerArchitecture\instruction_execution.c(38,59): warning C4047: '함수': 'int *'의 간접 참조 수준이 'int **'과(와) 다릅니다.
C:\Users\MinSeo\OneDrive - 한국외국어대학교\바탕 화면\2022_1\Computer_Architecture\final project\ComputerArchitecture\instruction_execution.c(38,57): warning C4024: 'ALU': 형식 및 실제 매개 변수 4의 형식이 서로 다릅니다.
C:\Users\MinSeo\OneDrive - 한국외국어대학교\바탕 화면\2022_1\Computer_Architecture\final project\ComputerArchitecture\instruction_execution.c(43,59): warning C4047: '함수': 'int *'의 간접 참조 수준이 'int **'과(와) 다릅니다.
C:\Users\MinSeo\OneDrive - 한국외국어대학교\바탕 화면\2022_1\Computer_Architecture\final project\ComputerArchitecture\instruction_execution.c(43,57): warning C4024: 'ALU': 형식 및 실제 매개 변수 4의 형식이 서로 다릅니다.
C:\Users\MinSeo\OneDrive - 한국외국어대학교\바탕 화면\2022_1\Computer_Architecture\final project\ComputerArchitecture\instruction_execution.c(49,58): warning C4047: '함수': 'int *'의 간접 참조 수준이 'int **'과(와) 다릅니다.
C:\Users\MinSeo\OneDrive - 한국외국어대학교\바탕 화면\2022_1\Computer_Architecture\final project\ComputerArchitecture\instruction_execution.c(49,56): warning C4024: 'ALU': 형식 및 실제 매개 변수 4의 형식이 서로 다릅니다.
C:\Users\MinSeo\OneDrive - 한국외국어대학교\바탕 화면\2022_1\Computer_Architecture\final project\ComputerArchitecture\instruction_execution.c(55,59): warning C4047: '함수': 'int *'의 간접 참조 수준이 'int **'과(와) 다릅니다.
C:\Users\MinSeo\OneDrive - 한국외국어대학교\바탕 화면\2022_1\Computer_Architecture\final project\ComputerArchitecture\instruction_execution.c(55,57): warning C4024: 'ALU': 형식 및 실제 매개 변수 4의 형식이 서로 다릅니다.
C:\Users\MinSeo\OneDrive - 한국외국어대학교\바탕 화면\2022_1\Computer_Architecture\final project\ComputerArchitecture\instruction_execution.c(61,59): warning C4047: '함수': 'int *'의 간접 참조 수준이 'int **'과(와) 다릅니다.
C:\Users\MinSeo\OneDrive - 한국외국어대학교\바탕 화면\2022_1\Computer_Architecture\final project\ComputerArchitecture\instruction_execution.c(61,57): warning C4024: 'ALU': 형식 및 실제 매개 변수 4의 형식이 서로 다릅니다.
C:\Users\MinSeo\OneDrive - 한국외국어대학교\바탕 화면\2022_1\Computer_Architecture\final project\ComputerArchitecture\instruction_execution.c(67,63): warning C4047: '함수': 'int *'의 간접 참조 수준이 'int **'과(와) 다릅니다.
C:\Users\MinSeo\OneDrive - 한국외국어대학교\바탕 화면\2022_1\Computer_Architecture\final project\ComputerArchitecture\instruction_execution.c(67,61): warning C4024: 'ALU': 형식 및 실제 매개 변수 4의 형식이 서로 다릅니다.
C:\Users\MinSeo\OneDrive - 한국외국어대학교\바탕 화면\2022_1\Computer_Architecture\final project\ComputerArchitecture\instruction_execution.c(169,47): warning C4047: '함수': 'int *'의 간접 참조 수준이 'int **'과(와) 다릅니다.
C:\Users\MinSeo\OneDrive - 한국외국어대학교\바탕 화면\2022_1\Computer_Architecture\final project\ComputerArchitecture\instruction_execution.c(169,45): warning C4024: 'ALU': 형식 및 실제 매개 변수 4의 형식이 서로 다릅니다.
  load.c
C:\Users\MinSeo\OneDrive - 한국외국어대학교\바탕 화면\2022_1\Computer_Architecture\final project\ComputerArchitecture\load.c(60,23): warning C4018: '<': signed 또는 unsigned가 일치하지 않습니다.
C:\Users\MinSeo\OneDrive - 한국외국어대학교\바탕 화면\2022_1\Computer_Architecture\final project\ComputerArchitecture\load.c(71,23): warning C4018: '<': signed 또는 unsigned가 일치하지 않습니다.
C:\Users\MinSeo\OneDrive - 한국외국어대학교\바탕 화면\2022_1\Computer_Architecture\final project\ComputerArchitecture\load.c(23,16): warning C4996: 'fopen': This function or variable may be unsafe. Consider using fopen_s instead. To disable deprecation, use _CRT_SECURE_NO_WARNINGS. See online help for details.
  main.c
C:\Users\MinSeo\OneDrive - 한국외국어대학교\바탕 화면\2022_1\Computer_Architecture\final project\ComputerArchitecture\main.c(81,38): warning C4474: 'scanf' : 서식 문자열에 전달된 인수가 너무 많습니다.
C:\Users\MinSeo\OneDrive - 한국외국어대학교\바탕 화면\2022_1\Computer_Architecture\final project\ComputerArchitecture\main.c(81,38): message : 자리 표시자 및 해당 매개 변수에는 variadic 인수가 1개 필요하지만 2개가 제공되었습니다.
C:\Users\MinSeo\OneDrive - 한국외국어대학교\바탕 화면\2022_1\Computer_Architecture\final project\ComputerArchitecture\main.c(89,32): warning C4474: 'scanf' : 서식 문자열에 전달된 인수가 너무 많습니다.
C:\Users\MinSeo\OneDrive - 한국외국어대학교\바탕 화면\2022_1\Computer_Architecture\final project\ComputerArchitecture\main.c(89,32): message : 자리 표시자 및 해당 매개 변수에는 variadic 인수가 1개 필요하지만 2개가 제공되었습니다.
C:\Users\MinSeo\OneDrive - 한국외국어대학교\바탕 화면\2022_1\Computer_Architecture\final project\ComputerArchitecture\main.c(92,35): warning C4474: 'scanf' : 서식 문자열에 전달된 인수가 너무 많습니다.
C:\Users\MinSeo\OneDrive - 한국외국어대학교\바탕 화면\2022_1\Computer_Architecture\final project\ComputerArchitecture\main.c(92,35): message : 자리 표시자 및 해당 매개 변수에는 variadic 인수가 1개 필요하지만 2개가 제공되었습니다.
C:\Users\MinSeo\OneDrive - 한국외국어대학교\바탕 화면\2022_1\Computer_Architecture\final project\ComputerArchitecture\main.c(118,32): warning C4474: 'scanf' : 서식 문자열에 전달된 인수가 너무 많습니다.
C:\Users\MinSeo\OneDrive - 한국외국어대학교\바탕 화면\2022_1\Computer_Architecture\final project\ComputerArchitecture\main.c(118,32): message : 자리 표시자 및 해당 매개 변수에는 variadic 인수가 1개 필요하지만 2개가 제공되었습니다.
C:\Users\MinSeo\OneDrive - 한국외국어대학교\바탕 화면\2022_1\Computer_Architecture\final project\ComputerArchitecture\main.c(125,32): warning C4474: 'scanf' : 서식 문자열에 전달된 인수가 너무 많습니다.
C:\Users\MinSeo\OneDrive - 한국외국어대학교\바탕 화면\2022_1\Computer_Architecture\final project\ComputerArchitecture\main.c(125,32): message : 자리 표시자 및 해당 매개 변수에는 variadic 인수가 1개 필요하지만 2개가 제공되었습니다.
C:\Users\MinSeo\OneDrive - 한국외국어대학교\바탕 화면\2022_1\Computer_Architecture\final project\ComputerArchitecture\main.c(128,35): warning C4474: 'scanf' : 서식 문자열에 전달된 인수가 너무 많습니다.
C:\Users\MinSeo\OneDrive - 한국외국어대학교\바탕 화면\2022_1\Computer_Architecture\final project\ComputerArchitecture\main.c(128,35): message : 자리 표시자 및 해당 매개 변수에는 variadic 인수가 1개 필요하지만 2개가 제공되었습니다.
C:\Users\MinSeo\OneDrive - 한국외국어대학교\바탕 화면\2022_1\Computer_Architecture\final project\ComputerArchitecture\main.c(69,9): warning C4996: 'scanf': This function or variable may be unsafe. Consider using scanf_s instead. To disable deprecation, use _CRT_SECURE_NO_WARNINGS. See online help for details.
C:\Users\MinSeo\OneDrive - 한국외국어대학교\바탕 화면\2022_1\Computer_Architecture\final project\ComputerArchitecture\main.c(81,13): warning C4996: 'scanf': This function or variable may be unsafe. Consider using scanf_s instead. To disable deprecation, use _CRT_SECURE_NO_WARNINGS. See online help for details.
C:\Users\MinSeo\OneDrive - 한국외국어대학교\바탕 화면\2022_1\Computer_Architecture\final project\ComputerArchitecture\main.c(89,13): warning C4996: 'scanf': This function or variable may be unsafe. Consider using scanf_s instead. To disable deprecation, use _CRT_SECURE_NO_WARNINGS. See online help for details.
C:\Users\MinSeo\OneDrive - 한국외국어대학교\바탕 화면\2022_1\Computer_Architecture\final project\ComputerArchitecture\main.c(92,13): warning C4996: 'scanf': This function or variable may be unsafe. Consider using scanf_s instead. To disable deprecation, use _CRT_SECURE_NO_WARNINGS. See online help for details.
C:\Users\MinSeo\OneDrive - 한국외국어대학교\바탕 화면\2022_1\Computer_Architecture\final project\ComputerArchitecture\main.c(118,13): warning C4996: 'scanf': This function or variable may be unsafe. Consider using scanf_s instead. To disable deprecation, use _CRT_SECURE_NO_WARNINGS. See online help for details.
C:\Users\MinSeo\OneDrive - 한국외국어대학교\바탕 화면\2022_1\Computer_Architecture\final project\ComputerArchitecture\main.c(125,13): warning C4996: 'scanf': This function or variable may be unsafe. Consider using scanf_s instead. To disable deprecation, use _CRT_SECURE_NO_WARNINGS. See online help for details.
C:\Users\MinSeo\OneDrive - 한국외국어대학교\바탕 화면\2022_1\Computer_Architecture\final project\ComputerArchitecture\main.c(128,13): warning C4996: 'scanf': This function or variable may be unsafe. Consider using scanf_s instead. To disable deprecation, use _CRT_SECURE_NO_WARNINGS. See online help for details.
C:\Users\MinSeo\OneDrive - 한국외국어대학교\바탕 화면\2022_1\Computer_Architecture\final project\ComputerArchitecture\main.c(148,13): warning C4996: 'scanf': This function or variable may be unsafe. Consider using scanf_s instead. To disable deprecation, use _CRT_SECURE_NO_WARNINGS. See online help for details.
C:\Users\MinSeo\OneDrive - 한국외국어대학교\바탕 화면\2022_1\Computer_Architecture\final project\ComputerArchitecture\main.c(151,13): warning C4996: 'scanf': This function or variable may be unsafe. Consider using scanf_s instead. To disable deprecation, use _CRT_SECURE_NO_WARNINGS. See online help for details.
  memory.c
  register.c
  step.c
  test.c
C:\Users\MinSeo\OneDrive - 한국외국어대학교\바탕 화면\2022_1\Computer_Architecture\final project\ComputerArchitecture\test.c(11,9): warning C4013: 'printf'이(가) 정의되지 않았습니다. extern은 int형을 반환하는 것으로 간주합니다.
C:\Users\MinSeo\OneDrive - 한국외국어대학교\바탕 화면\2022_1\Computer_Architecture\final project\ComputerArchitecture\test.c(73,83): warning C4554: '|': 연산자 우선 순위에 오류가 있는지 확인하세요. 괄호를 사용하여 우선 순위를 명확하게 지정하세요.
C:\Users\MinSeo\OneDrive - 한국외국어대학교\바탕 화면\2022_1\Computer_Architecture\final project\ComputerArchitecture\test.c(83,55): warning C4554: '|': 연산자 우선 순위에 오류가 있는지 확인하세요. 괄호를 사용하여 우선 순위를 명확하게 지정하세요.
C:\Users\MinSeo\OneDrive - 한국외국어대학교\바탕 화면\2022_1\Computer_Architecture\final project\ComputerArchitecture\test.c(146,19): warning C4018: '<': signed 또는 unsigned가 일치하지 않습니다.
  코드를 생성하고 있습니다...
  LINK : C:\Users\MinSeo\OneDrive - 한국외국어대학교\바탕 화면\2022_1\Computer_Architecture\final project\ComputerArchitecture\Debug\Project9.exe을(를) 찾을 수 없거나 마지막 증분 링크에 의해 빌드되지 않았습니다. 전체 링크를 수행하고 있습니다.
  Project9.vcxproj -> C:\Users\MinSeo\OneDrive - 한국외국어대학교\바탕 화면\2022_1\Computer_Architecture\final project\ComputerArchitecture\Debug\Project9.exe
