  main.cpp
C:\Users\MinSeo\source\repos\Project9\Project9\main.cpp(36,17): warning C4477: 'scanf_s' : 서식 문자열 '%s'에 'unsigned int' 형식의 인수가 필요하지만 variadic 인수 2의 형식이 'unsigned __int64'입니다.
C:\Users\MinSeo\source\repos\Project9\Project9\main.cpp(36,17): message : 이 인수는 버퍼 크기로 사용됩니다.
C:\Users\MinSeo\source\repos\Project9\Project9\main.cpp(116,21): warning C4473: 'scanf_s': 서식 문자열에 대한 인수가 충분하게 전달되지 않았습니다.
C:\Users\MinSeo\source\repos\Project9\Project9\main.cpp(116,21): message : 자리 표시자 및 해당 매개 변수에는 variadic 인수가 2개 필요하지만 1개가 제공되었습니다.
C:\Users\MinSeo\source\repos\Project9\Project9\main.cpp(116,21): message : 누락된 variadic 인수 2이(가) 서식 문자열 '%s'에 필요합니다.
C:\Users\MinSeo\source\repos\Project9\Project9\main.cpp(116,21): message : 이 인수는 버퍼 크기로 사용됩니다.
C:\Users\MinSeo\source\repos\Project9\Project9\main.cpp(118,21): warning C4473: 'scanf_s': 서식 문자열에 대한 인수가 충분하게 전달되지 않았습니다.
C:\Users\MinSeo\source\repos\Project9\Project9\main.cpp(118,21): message : 자리 표시자 및 해당 매개 변수에는 variadic 인수가 2개 필요하지만 1개가 제공되었습니다.
C:\Users\MinSeo\source\repos\Project9\Project9\main.cpp(118,21): message : 누락된 variadic 인수 2이(가) 서식 문자열 '%s'에 필요합니다.
C:\Users\MinSeo\source\repos\Project9\Project9\main.cpp(118,21): message : 이 인수는 버퍼 크기로 사용됩니다.
C:\Users\MinSeo\source\repos\Project9\Project9\main.cpp(131,21): warning C4473: 'scanf_s': 서식 문자열에 대한 인수가 충분하게 전달되지 않았습니다.
C:\Users\MinSeo\source\repos\Project9\Project9\main.cpp(131,21): message : 자리 표시자 및 해당 매개 변수에는 variadic 인수가 2개 필요하지만 1개가 제공되었습니다.
C:\Users\MinSeo\source\repos\Project9\Project9\main.cpp(131,21): message : 누락된 variadic 인수 2이(가) 서식 문자열 '%s'에 필요합니다.
C:\Users\MinSeo\source\repos\Project9\Project9\main.cpp(131,21): message : 이 인수는 버퍼 크기로 사용됩니다.
C:\Users\MinSeo\source\repos\Project9\Project9\main.cpp(133,21): warning C4473: 'scanf_s': 서식 문자열에 대한 인수가 충분하게 전달되지 않았습니다.
C:\Users\MinSeo\source\repos\Project9\Project9\main.cpp(133,21): message : 자리 표시자 및 해당 매개 변수에는 variadic 인수가 2개 필요하지만 1개가 제공되었습니다.
C:\Users\MinSeo\source\repos\Project9\Project9\main.cpp(133,21): message : 누락된 variadic 인수 2이(가) 서식 문자열 '%s'에 필요합니다.
C:\Users\MinSeo\source\repos\Project9\Project9\main.cpp(133,21): message : 이 인수는 버퍼 크기로 사용됩니다.
C:\Users\MinSeo\source\repos\Project9\Project9\main.cpp(55,27): warning C4101: 'binary_buffer' :참조되지 않은 지역 변수입니다.
  Project9.vcxproj -> C:\Users\MinSeo\source\repos\Project9\x64\Debug\Project9.exe
